<?xml version="1.0" encoding="UTF-8"?><testsuite errors="0" failures="0" name="com.gorest.testsuite.UserCRUDTest" skipped="0" tests="4" time="10.86" timestamp="2023-06-06T23:42:56.891+01:00[Europe/London]"><testcase classname="com.gorest.testsuite.UserCRUDTest" name="This will create a new user"/><testcase classname="com.gorest.testsuite.UserCRUDTest" name="Verify if the user is added to application"/><testcase classname="com.gorest.testsuite.UserCRUDTest" name="This will update user"/><testcase classname="com.gorest.testsuite.UserCRUDTest" name="Delete the user and verify if the user is deleted!"/></testsuite>